[
  {
    "file": "-",
    "line": 15,
    "endLine": 15,
    "column": 1,
    "endColumn": 1,
    "level": "info",
    "code": 1009,
    "message": "The mentioned syntax error was in this then clause.",
    "fix": null
  },
  {
    "file": "-",
    "line": 20,
    "endLine": 20,
    "column": 3,
    "endColumn": 3,
    "level": "error",
    "code": 1073,
    "message": "Couldn't parse this shellcheck directive. Fix to allow more checks.",
    "fix": null
  },
  {
    "file": "-",
    "line": 20,
    "endLine": 20,
    "column": 22,
    "endColumn": 22,
    "level": "error",
    "code": 1072,
    "message": "Expected '=' after directive key. Fix any mentioned problems and try again.",
    "fix": null
  }
]
